This file contains any messages produced by compilers while
running configure, to aid debugging if configure makes a mistake.

It was created by msdl configure 1.2.7-r2, which was
generated by GNU Autoconf 2.65.  Invocation command line was

  $ ./configure 

## --------- ##
## Platform. ##
## --------- ##

hostname = pepak-PC
uname -m = i686
uname -r = 1.0.11(0.46/3/2)
uname -s = MINGW32_NT-6.0
uname -v = 2009-07-11 17:46

/usr/bin/uname -p = unknown
/bin/uname -X     = unknown

/bin/arch              = unknown
/usr/bin/arch -k       = unknown
/usr/convex/getsysinfo = unknown
/usr/bin/hostinfo      = unknown
/bin/machine           = unknown
/usr/bin/oslevel       = unknown
/bin/universe          = unknown

PATH: .
PATH: /usr/local/bin
PATH: /mingw/bin
PATH: /bin
PATH: /bin
PATH: /Perl/bin
PATH: /c/Utils
PATH: /c/Bat
PATH: /mingw/bin
PATH: /bin
PATH: /c/PROGRA~1/Borland/Delphi5/Projects/BPL
PATH: /c/PROGRA~1/Borland/Delphi5/Bin
PATH: /c/windows/system32
PATH: /c/windows
PATH: /c/windows/System32/Wbem
PATH: /c/Program Files/cvsnt
PATH: /c/Program Files/Microsoft SQL Server/90/Tools/binn/
PATH: /c/Program Files/Developer Express.VCL/Library/Delphi12
PATH: /c/Users/Public/Documents/RAD Studio/6.0/Bpl
PATH: /c/FPC/2.4.0/bin/i386-Win32


## ----------- ##
## Core tests. ##
## ----------- ##

configure:2252: checking for a BSD-compatible install
configure:2320: result: /bin/install -c
configure:2331: checking whether build environment is sane
configure:2368: result: yes
configure:2495: checking for a thread-safe mkdir -p
configure:2534: result: /bin/mkdir -p
configure:2547: checking for gawk
configure:2563: found /bin/gawk
configure:2574: result: gawk
configure:2585: checking whether make sets $(MAKE)
configure:2607: result: yes
configure:2740: checking for gcc
configure:2756: found /mingw/bin/gcc
configure:2767: result: gcc
configure:2996: checking for C compiler version
configure:3005: gcc --version >&5
gcc.exe (GCC) 3.4.5 (mingw-vista special r3)
Copyright (C) 2004 Free Software Foundation, Inc.
This is free software; see the source for copying conditions.  There is NO
warranty; not even for MERCHANTABILITY or FITNESS FOR A PARTICULAR PURPOSE.

configure:3016: $? = 0
configure:3005: gcc -v >&5
Reading specs from C:/C/mingw/bin/../lib/gcc/mingw32/3.4.5/specs
Configured with: ../gcc-3.4.5-20060117-3/configure --with-gcc --with-gnu-ld --with-gnu-as --host=mingw32 --target=mingw32 --prefix=/mingw --enable-threads --disable-nls --enable-languages=c,c++,f77,ada,objc,java --disable-win32-registry --disable-shared --enable-sjlj-exceptions --enable-libgcj --disable-java-awt --without-x --enable-java-gc=boehm --disable-libgcj-debug --enable-interpreter --enable-hash-synchronization --enable-libstdcxx-debug
Thread model: win32
gcc version 3.4.5 (mingw-vista special r3)
configure:3016: $? = 0
configure:3005: gcc -V >&5
gcc.exe: `-V' option must have argument
configure:3016: $? = 1
configure:3005: gcc -qversion >&5
gcc.exe: unrecognized option `-qversion'
gcc.exe: no input files
configure:3016: $? = 1
configure:3036: checking whether the C compiler works
configure:3058: gcc    conftest.c  >&5
configure:3062: $? = 0
configure:3111: result: yes
configure:3114: checking for C compiler default output file name
configure:3116: result: a.exe
configure:3122: checking for suffix of executables
configure:3129: gcc -o conftest.exe    conftest.c  >&5
configure:3133: $? = 0
configure:3155: result: .exe
configure:3177: checking whether we are cross compiling
configure:3185: gcc -o conftest.exe    conftest.c  >&5
configure:3189: $? = 0
configure:3196: ./conftest.exe
configure:3200: $? = 0
configure:3215: result: no
configure:3220: checking for suffix of object files
configure:3242: gcc -c   conftest.c >&5
configure:3246: $? = 0
configure:3267: result: o
configure:3271: checking whether we are using the GNU C compiler
configure:3290: gcc -c   conftest.c >&5
configure:3290: $? = 0
configure:3299: result: yes
configure:3308: checking whether gcc accepts -g
configure:3328: gcc -c -g  conftest.c >&5
configure:3328: $? = 0
configure:3369: result: yes
configure:3386: checking for gcc option to accept ISO C89
configure:3450: gcc  -c -g -O2  conftest.c >&5
configure:3450: $? = 0
configure:3463: result: none needed
configure:3494: checking for style of include used by make
configure:3522: result: GNU
configure:3547: checking dependency style of gcc
configure:3657: result: gcc3
configure:3682: checking how to run the C preprocessor
configure:3713: gcc -E  conftest.c
configure:3713: $? = 0
configure:3727: gcc -E  conftest.c
conftest.c:11:28: ac_nonexistent.h: No such file or directory
configure:3727: $? = 1
configure: failed program was:
| /* confdefs.h */
| #define PACKAGE_NAME "msdl"
| #define PACKAGE_TARNAME "msdl"
| #define PACKAGE_VERSION "1.2.7-r2"
| #define PACKAGE_STRING "msdl 1.2.7-r2"
| #define PACKAGE_BUGREPORT "me_t_ro@yahoo.com"
| #define PACKAGE_URL ""
| #define PACKAGE "msdl"
| #define VERSION "1.2.7-r2"
| /* end confdefs.h.  */
| #include <ac_nonexistent.h>
configure:3752: result: gcc -E
configure:3772: gcc -E  conftest.c
configure:3772: $? = 0
configure:3786: gcc -E  conftest.c
conftest.c:11:28: ac_nonexistent.h: No such file or directory
configure:3786: $? = 1
configure: failed program was:
| /* confdefs.h */
| #define PACKAGE_NAME "msdl"
| #define PACKAGE_TARNAME "msdl"
| #define PACKAGE_VERSION "1.2.7-r2"
| #define PACKAGE_STRING "msdl 1.2.7-r2"
| #define PACKAGE_BUGREPORT "me_t_ro@yahoo.com"
| #define PACKAGE_URL ""
| #define PACKAGE "msdl"
| #define VERSION "1.2.7-r2"
| /* end confdefs.h.  */
| #include <ac_nonexistent.h>
configure:3815: checking for grep that handles long lines and -e
configure:3873: result: /bin/grep
configure:3878: checking for egrep
configure:3940: result: /bin/grep -E
configure:3945: checking for ANSI C header files
configure:3965: gcc -c -g -O2  conftest.c >&5
configure:3965: $? = 0
configure:4038: gcc -o conftest.exe -g -O2   conftest.c  >&5
configure:4038: $? = 0
configure:4038: ./conftest.exe
configure:4038: $? = 0
configure:4049: result: yes
configure:4062: checking for sys/types.h
configure:4062: gcc -c -g -O2  conftest.c >&5
configure:4062: $? = 0
configure:4062: result: yes
configure:4062: checking for sys/stat.h
configure:4062: gcc -c -g -O2  conftest.c >&5
configure:4062: $? = 0
configure:4062: result: yes
configure:4062: checking for stdlib.h
configure:4062: gcc -c -g -O2  conftest.c >&5
configure:4062: $? = 0
configure:4062: result: yes
configure:4062: checking for string.h
configure:4062: gcc -c -g -O2  conftest.c >&5
configure:4062: $? = 0
configure:4062: result: yes
configure:4062: checking for memory.h
configure:4062: gcc -c -g -O2  conftest.c >&5
configure:4062: $? = 0
configure:4062: result: yes
configure:4062: checking for strings.h
configure:4062: gcc -c -g -O2  conftest.c >&5
configure:4062: $? = 0
configure:4062: result: yes
configure:4062: checking for inttypes.h
configure:4062: gcc -c -g -O2  conftest.c >&5
configure:4062: $? = 0
configure:4062: result: yes
configure:4062: checking for stdint.h
configure:4062: gcc -c -g -O2  conftest.c >&5
configure:4062: $? = 0
configure:4062: result: yes
configure:4062: checking for unistd.h
configure:4062: gcc -c -g -O2  conftest.c >&5
configure:4062: $? = 0
configure:4062: result: yes
configure:4078: checking arpa/inet.h usability
configure:4078: gcc -c -g -O2  conftest.c >&5
conftest.c:54:23: arpa/inet.h: No such file or directory
configure:4078: $? = 1
configure: failed program was:
| /* confdefs.h */
| #define PACKAGE_NAME "msdl"
| #define PACKAGE_TARNAME "msdl"
| #define PACKAGE_VERSION "1.2.7-r2"
| #define PACKAGE_STRING "msdl 1.2.7-r2"
| #define PACKAGE_BUGREPORT "me_t_ro@yahoo.com"
| #define PACKAGE_URL ""
| #define PACKAGE "msdl"
| #define VERSION "1.2.7-r2"
| #define STDC_HEADERS 1
| #define HAVE_SYS_TYPES_H 1
| #define HAVE_SYS_STAT_H 1
| #define HAVE_STDLIB_H 1
| #define HAVE_STRING_H 1
| #define HAVE_MEMORY_H 1
| #define HAVE_STRINGS_H 1
| #define HAVE_INTTYPES_H 1
| #define HAVE_STDINT_H 1
| #define HAVE_UNISTD_H 1
| /* end confdefs.h.  */
| #include <stdio.h>
| #ifdef HAVE_SYS_TYPES_H
| # include <sys/types.h>
| #endif
| #ifdef HAVE_SYS_STAT_H
| # include <sys/stat.h>
| #endif
| #ifdef STDC_HEADERS
| # include <stdlib.h>
| # include <stddef.h>
| #else
| # ifdef HAVE_STDLIB_H
| #  include <stdlib.h>
| # endif
| #endif
| #ifdef HAVE_STRING_H
| # if !defined STDC_HEADERS && defined HAVE_MEMORY_H
| #  include <memory.h>
| # endif
| # include <string.h>
| #endif
| #ifdef HAVE_STRINGS_H
| # include <strings.h>
| #endif
| #ifdef HAVE_INTTYPES_H
| # include <inttypes.h>
| #endif
| #ifdef HAVE_STDINT_H
| # include <stdint.h>
| #endif
| #ifdef HAVE_UNISTD_H
| # include <unistd.h>
| #endif
| #include <arpa/inet.h>
configure:4078: result: no
configure:4078: checking arpa/inet.h presence
configure:4078: gcc -E  conftest.c
conftest.c:21:23: arpa/inet.h: No such file or directory
configure:4078: $? = 1
configure: failed program was:
| /* confdefs.h */
| #define PACKAGE_NAME "msdl"
| #define PACKAGE_TARNAME "msdl"
| #define PACKAGE_VERSION "1.2.7-r2"
| #define PACKAGE_STRING "msdl 1.2.7-r2"
| #define PACKAGE_BUGREPORT "me_t_ro@yahoo.com"
| #define PACKAGE_URL ""
| #define PACKAGE "msdl"
| #define VERSION "1.2.7-r2"
| #define STDC_HEADERS 1
| #define HAVE_SYS_TYPES_H 1
| #define HAVE_SYS_STAT_H 1
| #define HAVE_STDLIB_H 1
| #define HAVE_STRING_H 1
| #define HAVE_MEMORY_H 1
| #define HAVE_STRINGS_H 1
| #define HAVE_INTTYPES_H 1
| #define HAVE_STDINT_H 1
| #define HAVE_UNISTD_H 1
| /* end confdefs.h.  */
| #include <arpa/inet.h>
configure:4078: result: no
configure:4078: checking for arpa/inet.h
configure:4078: result: no
configure:4078: checking fcntl.h usability
configure:4078: gcc -c -g -O2  conftest.c >&5
configure:4078: $? = 0
configure:4078: result: yes
configure:4078: checking fcntl.h presence
configure:4078: gcc -E  conftest.c
configure:4078: $? = 0
configure:4078: result: yes
configure:4078: checking for fcntl.h
configure:4078: result: yes
configure:4078: checking for inttypes.h
configure:4078: result: yes
configure:4078: checking netdb.h usability
configure:4078: gcc -c -g -O2  conftest.c >&5
conftest.c:56:19: netdb.h: No such file or directory
configure:4078: $? = 1
configure: failed program was:
| /* confdefs.h */
| #define PACKAGE_NAME "msdl"
| #define PACKAGE_TARNAME "msdl"
| #define PACKAGE_VERSION "1.2.7-r2"
| #define PACKAGE_STRING "msdl 1.2.7-r2"
| #define PACKAGE_BUGREPORT "me_t_ro@yahoo.com"
| #define PACKAGE_URL ""
| #define PACKAGE "msdl"
| #define VERSION "1.2.7-r2"
| #define STDC_HEADERS 1
| #define HAVE_SYS_TYPES_H 1
| #define HAVE_SYS_STAT_H 1
| #define HAVE_STDLIB_H 1
| #define HAVE_STRING_H 1
| #define HAVE_MEMORY_H 1
| #define HAVE_STRINGS_H 1
| #define HAVE_INTTYPES_H 1
| #define HAVE_STDINT_H 1
| #define HAVE_UNISTD_H 1
| #define HAVE_FCNTL_H 1
| #define HAVE_INTTYPES_H 1
| /* end confdefs.h.  */
| #include <stdio.h>
| #ifdef HAVE_SYS_TYPES_H
| # include <sys/types.h>
| #endif
| #ifdef HAVE_SYS_STAT_H
| # include <sys/stat.h>
| #endif
| #ifdef STDC_HEADERS
| # include <stdlib.h>
| # include <stddef.h>
| #else
| # ifdef HAVE_STDLIB_H
| #  include <stdlib.h>
| # endif
| #endif
| #ifdef HAVE_STRING_H
| # if !defined STDC_HEADERS && defined HAVE_MEMORY_H
| #  include <memory.h>
| # endif
| # include <string.h>
| #endif
| #ifdef HAVE_STRINGS_H
| # include <strings.h>
| #endif
| #ifdef HAVE_INTTYPES_H
| # include <inttypes.h>
| #endif
| #ifdef HAVE_STDINT_H
| # include <stdint.h>
| #endif
| #ifdef HAVE_UNISTD_H
| # include <unistd.h>
| #endif
| #include <netdb.h>
configure:4078: result: no
configure:4078: checking netdb.h presence
configure:4078: gcc -E  conftest.c
conftest.c:23:19: netdb.h: No such file or directory
configure:4078: $? = 1
configure: failed program was:
| /* confdefs.h */
| #define PACKAGE_NAME "msdl"
| #define PACKAGE_TARNAME "msdl"
| #define PACKAGE_VERSION "1.2.7-r2"
| #define PACKAGE_STRING "msdl 1.2.7-r2"
| #define PACKAGE_BUGREPORT "me_t_ro@yahoo.com"
| #define PACKAGE_URL ""
| #define PACKAGE "msdl"
| #define VERSION "1.2.7-r2"
| #define STDC_HEADERS 1
| #define HAVE_SYS_TYPES_H 1
| #define HAVE_SYS_STAT_H 1
| #define HAVE_STDLIB_H 1
| #define HAVE_STRING_H 1
| #define HAVE_MEMORY_H 1
| #define HAVE_STRINGS_H 1
| #define HAVE_INTTYPES_H 1
| #define HAVE_STDINT_H 1
| #define HAVE_UNISTD_H 1
| #define HAVE_FCNTL_H 1
| #define HAVE_INTTYPES_H 1
| /* end confdefs.h.  */
| #include <netdb.h>
configure:4078: result: no
configure:4078: checking for netdb.h
configure:4078: result: no
configure:4078: checking netinet/in.h usability
configure:4078: gcc -c -g -O2  conftest.c >&5
conftest.c:56:24: netinet/in.h: No such file or directory
configure:4078: $? = 1
configure: failed program was:
| /* confdefs.h */
| #define PACKAGE_NAME "msdl"
| #define PACKAGE_TARNAME "msdl"
| #define PACKAGE_VERSION "1.2.7-r2"
| #define PACKAGE_STRING "msdl 1.2.7-r2"
| #define PACKAGE_BUGREPORT "me_t_ro@yahoo.com"
| #define PACKAGE_URL ""
| #define PACKAGE "msdl"
| #define VERSION "1.2.7-r2"
| #define STDC_HEADERS 1
| #define HAVE_SYS_TYPES_H 1
| #define HAVE_SYS_STAT_H 1
| #define HAVE_STDLIB_H 1
| #define HAVE_STRING_H 1
| #define HAVE_MEMORY_H 1
| #define HAVE_STRINGS_H 1
| #define HAVE_INTTYPES_H 1
| #define HAVE_STDINT_H 1
| #define HAVE_UNISTD_H 1
| #define HAVE_FCNTL_H 1
| #define HAVE_INTTYPES_H 1
| /* end confdefs.h.  */
| #include <stdio.h>
| #ifdef HAVE_SYS_TYPES_H
| # include <sys/types.h>
| #endif
| #ifdef HAVE_SYS_STAT_H
| # include <sys/stat.h>
| #endif
| #ifdef STDC_HEADERS
| # include <stdlib.h>
| # include <stddef.h>
| #else
| # ifdef HAVE_STDLIB_H
| #  include <stdlib.h>
| # endif
| #endif
| #ifdef HAVE_STRING_H
| # if !defined STDC_HEADERS && defined HAVE_MEMORY_H
| #  include <memory.h>
| # endif
| # include <string.h>
| #endif
| #ifdef HAVE_STRINGS_H
| # include <strings.h>
| #endif
| #ifdef HAVE_INTTYPES_H
| # include <inttypes.h>
| #endif
| #ifdef HAVE_STDINT_H
| # include <stdint.h>
| #endif
| #ifdef HAVE_UNISTD_H
| # include <unistd.h>
| #endif
| #include <netinet/in.h>
configure:4078: result: no
configure:4078: checking netinet/in.h presence
configure:4078: gcc -E  conftest.c
conftest.c:23:24: netinet/in.h: No such file or directory
configure:4078: $? = 1
configure: failed program was:
| /* confdefs.h */
| #define PACKAGE_NAME "msdl"
| #define PACKAGE_TARNAME "msdl"
| #define PACKAGE_VERSION "1.2.7-r2"
| #define PACKAGE_STRING "msdl 1.2.7-r2"
| #define PACKAGE_BUGREPORT "me_t_ro@yahoo.com"
| #define PACKAGE_URL ""
| #define PACKAGE "msdl"
| #define VERSION "1.2.7-r2"
| #define STDC_HEADERS 1
| #define HAVE_SYS_TYPES_H 1
| #define HAVE_SYS_STAT_H 1
| #define HAVE_STDLIB_H 1
| #define HAVE_STRING_H 1
| #define HAVE_MEMORY_H 1
| #define HAVE_STRINGS_H 1
| #define HAVE_INTTYPES_H 1
| #define HAVE_STDINT_H 1
| #define HAVE_UNISTD_H 1
| #define HAVE_FCNTL_H 1
| #define HAVE_INTTYPES_H 1
| /* end confdefs.h.  */
| #include <netinet/in.h>
configure:4078: result: no
configure:4078: checking for netinet/in.h
configure:4078: result: no
configure:4078: checking for stdlib.h
configure:4078: result: yes
configure:4078: checking for string.h
configure:4078: result: yes
configure:4078: checking for unistd.h
configure:4078: result: yes
configure:4078: checking sys/socket.h usability
configure:4078: gcc -c -g -O2  conftest.c >&5
conftest.c:59:24: sys/socket.h: No such file or directory
configure:4078: $? = 1
configure: failed program was:
| /* confdefs.h */
| #define PACKAGE_NAME "msdl"
| #define PACKAGE_TARNAME "msdl"
| #define PACKAGE_VERSION "1.2.7-r2"
| #define PACKAGE_STRING "msdl 1.2.7-r2"
| #define PACKAGE_BUGREPORT "me_t_ro@yahoo.com"
| #define PACKAGE_URL ""
| #define PACKAGE "msdl"
| #define VERSION "1.2.7-r2"
| #define STDC_HEADERS 1
| #define HAVE_SYS_TYPES_H 1
| #define HAVE_SYS_STAT_H 1
| #define HAVE_STDLIB_H 1
| #define HAVE_STRING_H 1
| #define HAVE_MEMORY_H 1
| #define HAVE_STRINGS_H 1
| #define HAVE_INTTYPES_H 1
| #define HAVE_STDINT_H 1
| #define HAVE_UNISTD_H 1
| #define HAVE_FCNTL_H 1
| #define HAVE_INTTYPES_H 1
| #define HAVE_STDLIB_H 1
| #define HAVE_STRING_H 1
| #define HAVE_UNISTD_H 1
| /* end confdefs.h.  */
| #include <stdio.h>
| #ifdef HAVE_SYS_TYPES_H
| # include <sys/types.h>
| #endif
| #ifdef HAVE_SYS_STAT_H
| # include <sys/stat.h>
| #endif
| #ifdef STDC_HEADERS
| # include <stdlib.h>
| # include <stddef.h>
| #else
| # ifdef HAVE_STDLIB_H
| #  include <stdlib.h>
| # endif
| #endif
| #ifdef HAVE_STRING_H
| # if !defined STDC_HEADERS && defined HAVE_MEMORY_H
| #  include <memory.h>
| # endif
| # include <string.h>
| #endif
| #ifdef HAVE_STRINGS_H
| # include <strings.h>
| #endif
| #ifdef HAVE_INTTYPES_H
| # include <inttypes.h>
| #endif
| #ifdef HAVE_STDINT_H
| # include <stdint.h>
| #endif
| #ifdef HAVE_UNISTD_H
| # include <unistd.h>
| #endif
| #include <sys/socket.h>
configure:4078: result: no
configure:4078: checking sys/socket.h presence
configure:4078: gcc -E  conftest.c
conftest.c:26:24: sys/socket.h: No such file or directory
configure:4078: $? = 1
configure: failed program was:
| /* confdefs.h */
| #define PACKAGE_NAME "msdl"
| #define PACKAGE_TARNAME "msdl"
| #define PACKAGE_VERSION "1.2.7-r2"
| #define PACKAGE_STRING "msdl 1.2.7-r2"
| #define PACKAGE_BUGREPORT "me_t_ro@yahoo.com"
| #define PACKAGE_URL ""
| #define PACKAGE "msdl"
| #define VERSION "1.2.7-r2"
| #define STDC_HEADERS 1
| #define HAVE_SYS_TYPES_H 1
| #define HAVE_SYS_STAT_H 1
| #define HAVE_STDLIB_H 1
| #define HAVE_STRING_H 1
| #define HAVE_MEMORY_H 1
| #define HAVE_STRINGS_H 1
| #define HAVE_INTTYPES_H 1
| #define HAVE_STDINT_H 1
| #define HAVE_UNISTD_H 1
| #define HAVE_FCNTL_H 1
| #define HAVE_INTTYPES_H 1
| #define HAVE_STDLIB_H 1
| #define HAVE_STRING_H 1
| #define HAVE_UNISTD_H 1
| /* end confdefs.h.  */
| #include <sys/socket.h>
configure:4078: result: no
configure:4078: checking for sys/socket.h
configure:4078: result: no
configure:4078: checking sys/time.h usability
configure:4078: gcc -c -g -O2  conftest.c >&5
configure:4078: $? = 0
configure:4078: result: yes
configure:4078: checking sys/time.h presence
configure:4078: gcc -E  conftest.c
configure:4078: $? = 0
configure:4078: result: yes
configure:4078: checking for sys/time.h
configure:4078: result: yes
configure:4091: checking for an ANSI C-conforming const
configure:4156: gcc -c -g -O2  conftest.c >&5
configure:4156: $? = 0
configure:4163: result: yes
configure:4171: checking for inline
configure:4187: gcc -c -g -O2  conftest.c >&5
configure:4187: $? = 0
configure:4195: result: inline
configure:4213: checking for size_t
configure:4213: gcc -c -g -O2  conftest.c >&5
configure:4213: $? = 0
configure:4213: gcc -c -g -O2  conftest.c >&5
conftest.c: In function `main':
conftest.c:63: error: syntax error before ')' token
configure:4213: $? = 1
configure: failed program was:
| /* confdefs.h */
| #define PACKAGE_NAME "msdl"
| #define PACKAGE_TARNAME "msdl"
| #define PACKAGE_VERSION "1.2.7-r2"
| #define PACKAGE_STRING "msdl 1.2.7-r2"
| #define PACKAGE_BUGREPORT "me_t_ro@yahoo.com"
| #define PACKAGE_URL ""
| #define PACKAGE "msdl"
| #define VERSION "1.2.7-r2"
| #define STDC_HEADERS 1
| #define HAVE_SYS_TYPES_H 1
| #define HAVE_SYS_STAT_H 1
| #define HAVE_STDLIB_H 1
| #define HAVE_STRING_H 1
| #define HAVE_MEMORY_H 1
| #define HAVE_STRINGS_H 1
| #define HAVE_INTTYPES_H 1
| #define HAVE_STDINT_H 1
| #define HAVE_UNISTD_H 1
| #define HAVE_FCNTL_H 1
| #define HAVE_INTTYPES_H 1
| #define HAVE_STDLIB_H 1
| #define HAVE_STRING_H 1
| #define HAVE_UNISTD_H 1
| #define HAVE_SYS_TIME_H 1
| /* end confdefs.h.  */
| #include <stdio.h>
| #ifdef HAVE_SYS_TYPES_H
| # include <sys/types.h>
| #endif
| #ifdef HAVE_SYS_STAT_H
| # include <sys/stat.h>
| #endif
| #ifdef STDC_HEADERS
| # include <stdlib.h>
| # include <stddef.h>
| #else
| # ifdef HAVE_STDLIB_H
| #  include <stdlib.h>
| # endif
| #endif
| #ifdef HAVE_STRING_H
| # if !defined STDC_HEADERS && defined HAVE_MEMORY_H
| #  include <memory.h>
| # endif
| # include <string.h>
| #endif
| #ifdef HAVE_STRINGS_H
| # include <strings.h>
| #endif
| #ifdef HAVE_INTTYPES_H
| # include <inttypes.h>
| #endif
| #ifdef HAVE_STDINT_H
| # include <stdint.h>
| #endif
| #ifdef HAVE_UNISTD_H
| # include <unistd.h>
| #endif
| int
| main ()
| {
| if (sizeof ((size_t)))
| 	    return 0;
|   ;
|   return 0;
| }
configure:4213: result: yes
configure:4224: checking whether time.h and sys/time.h may both be included
configure:4244: gcc -c -g -O2  conftest.c >&5
configure:4244: $? = 0
configure:4251: result: yes
configure:4259: checking for uint16_t
configure:4259: gcc -c -g -O2  conftest.c >&5
configure:4259: $? = 0
configure:4259: result: yes
configure:4271: checking for uint32_t
configure:4271: gcc -c -g -O2  conftest.c >&5
configure:4271: $? = 0
configure:4271: result: yes
configure:4285: checking for uint64_t
configure:4285: gcc -c -g -O2  conftest.c >&5
configure:4285: $? = 0
configure:4285: result: yes
configure:4299: checking for uint8_t
configure:4299: gcc -c -g -O2  conftest.c >&5
configure:4299: $? = 0
configure:4299: result: yes
configure:4317: checking for stdlib.h
configure:4317: result: yes
configure:4327: checking for GNU libc compatible malloc
configure:4351: gcc -o conftest.exe -g -O2   conftest.c  >&5
configure:4351: $? = 0
configure:4351: ./conftest.exe
configure:4351: $? = 0
configure:4361: result: yes
configure:4382: checking for working memcmp
configure:4425: gcc -o conftest.exe -g -O2   conftest.c  >&5
configure:4425: $? = 0
configure:4425: ./conftest.exe
configure:4425: $? = 0
configure:4435: result: yes
configure:4446: checking for stdlib.h
configure:4446: result: yes
configure:4456: checking for GNU libc compatible realloc
configure:4480: gcc -o conftest.exe -g -O2   conftest.c  >&5
configure:4480: $? = 0
configure:4480: ./conftest.exe
configure:4480: $? = 0
configure:4490: result: yes
configure:4514: checking sys/select.h usability
configure:4514: gcc -c -g -O2  conftest.c >&5
conftest.c:65:24: sys/select.h: No such file or directory
configure:4514: $? = 1
configure: failed program was:
| /* confdefs.h */
| #define PACKAGE_NAME "msdl"
| #define PACKAGE_TARNAME "msdl"
| #define PACKAGE_VERSION "1.2.7-r2"
| #define PACKAGE_STRING "msdl 1.2.7-r2"
| #define PACKAGE_BUGREPORT "me_t_ro@yahoo.com"
| #define PACKAGE_URL ""
| #define PACKAGE "msdl"
| #define VERSION "1.2.7-r2"
| #define STDC_HEADERS 1
| #define HAVE_SYS_TYPES_H 1
| #define HAVE_SYS_STAT_H 1
| #define HAVE_STDLIB_H 1
| #define HAVE_STRING_H 1
| #define HAVE_MEMORY_H 1
| #define HAVE_STRINGS_H 1
| #define HAVE_INTTYPES_H 1
| #define HAVE_STDINT_H 1
| #define HAVE_UNISTD_H 1
| #define HAVE_FCNTL_H 1
| #define HAVE_INTTYPES_H 1
| #define HAVE_STDLIB_H 1
| #define HAVE_STRING_H 1
| #define HAVE_UNISTD_H 1
| #define HAVE_SYS_TIME_H 1
| #define TIME_WITH_SYS_TIME 1
| #define HAVE_STDLIB_H 1
| #define HAVE_MALLOC 1
| #define HAVE_STDLIB_H 1
| #define HAVE_REALLOC 1
| /* end confdefs.h.  */
| #include <stdio.h>
| #ifdef HAVE_SYS_TYPES_H
| # include <sys/types.h>
| #endif
| #ifdef HAVE_SYS_STAT_H
| # include <sys/stat.h>
| #endif
| #ifdef STDC_HEADERS
| # include <stdlib.h>
| # include <stddef.h>
| #else
| # ifdef HAVE_STDLIB_H
| #  include <stdlib.h>
| # endif
| #endif
| #ifdef HAVE_STRING_H
| # if !defined STDC_HEADERS && defined HAVE_MEMORY_H
| #  include <memory.h>
| # endif
| # include <string.h>
| #endif
| #ifdef HAVE_STRINGS_H
| # include <strings.h>
| #endif
| #ifdef HAVE_INTTYPES_H
| # include <inttypes.h>
| #endif
| #ifdef HAVE_STDINT_H
| # include <stdint.h>
| #endif
| #ifdef HAVE_UNISTD_H
| # include <unistd.h>
| #endif
| #include <sys/select.h>
configure:4514: result: no
configure:4514: checking sys/select.h presence
configure:4514: gcc -E  conftest.c
conftest.c:32:24: sys/select.h: No such file or directory
configure:4514: $? = 1
configure: failed program was:
| /* confdefs.h */
| #define PACKAGE_NAME "msdl"
| #define PACKAGE_TARNAME "msdl"
| #define PACKAGE_VERSION "1.2.7-r2"
| #define PACKAGE_STRING "msdl 1.2.7-r2"
| #define PACKAGE_BUGREPORT "me_t_ro@yahoo.com"
| #define PACKAGE_URL ""
| #define PACKAGE "msdl"
| #define VERSION "1.2.7-r2"
| #define STDC_HEADERS 1
| #define HAVE_SYS_TYPES_H 1
| #define HAVE_SYS_STAT_H 1
| #define HAVE_STDLIB_H 1
| #define HAVE_STRING_H 1
| #define HAVE_MEMORY_H 1
| #define HAVE_STRINGS_H 1
| #define HAVE_INTTYPES_H 1
| #define HAVE_STDINT_H 1
| #define HAVE_UNISTD_H 1
| #define HAVE_FCNTL_H 1
| #define HAVE_INTTYPES_H 1
| #define HAVE_STDLIB_H 1
| #define HAVE_STRING_H 1
| #define HAVE_UNISTD_H 1
| #define HAVE_SYS_TIME_H 1
| #define TIME_WITH_SYS_TIME 1
| #define HAVE_STDLIB_H 1
| #define HAVE_MALLOC 1
| #define HAVE_STDLIB_H 1
| #define HAVE_REALLOC 1
| /* end confdefs.h.  */
| #include <sys/select.h>
configure:4514: result: no
configure:4514: checking for sys/select.h
configure:4514: result: no
configure:4514: checking for sys/socket.h
configure:4514: result: no
configure:4525: checking types of arguments for select
configure:4553: gcc -c -g -O2  conftest.c >&5
conftest.c: In function `main':
conftest.c:76: error: syntax error before "fd_set"
configure:4553: $? = 1
configure: failed program was:
| /* confdefs.h */
| #define PACKAGE_NAME "msdl"
| #define PACKAGE_TARNAME "msdl"
| #define PACKAGE_VERSION "1.2.7-r2"
| #define PACKAGE_STRING "msdl 1.2.7-r2"
| #define PACKAGE_BUGREPORT "me_t_ro@yahoo.com"
| #define PACKAGE_URL ""
| #define PACKAGE "msdl"
| #define VERSION "1.2.7-r2"
| #define STDC_HEADERS 1
| #define HAVE_SYS_TYPES_H 1
| #define HAVE_SYS_STAT_H 1
| #define HAVE_STDLIB_H 1
| #define HAVE_STRING_H 1
| #define HAVE_MEMORY_H 1
| #define HAVE_STRINGS_H 1
| #define HAVE_INTTYPES_H 1
| #define HAVE_STDINT_H 1
| #define HAVE_UNISTD_H 1
| #define HAVE_FCNTL_H 1
| #define HAVE_INTTYPES_H 1
| #define HAVE_STDLIB_H 1
| #define HAVE_STRING_H 1
| #define HAVE_UNISTD_H 1
| #define HAVE_SYS_TIME_H 1
| #define TIME_WITH_SYS_TIME 1
| #define HAVE_STDLIB_H 1
| #define HAVE_MALLOC 1
| #define HAVE_STDLIB_H 1
| #define HAVE_REALLOC 1
| /* end confdefs.h.  */
| #include <stdio.h>
| #ifdef HAVE_SYS_TYPES_H
| # include <sys/types.h>
| #endif
| #ifdef HAVE_SYS_STAT_H
| # include <sys/stat.h>
| #endif
| #ifdef STDC_HEADERS
| # include <stdlib.h>
| # include <stddef.h>
| #else
| # ifdef HAVE_STDLIB_H
| #  include <stdlib.h>
| # endif
| #endif
| #ifdef HAVE_STRING_H
| # if !defined STDC_HEADERS && defined HAVE_MEMORY_H
| #  include <memory.h>
| # endif
| # include <string.h>
| #endif
| #ifdef HAVE_STRINGS_H
| # include <strings.h>
| #endif
| #ifdef HAVE_INTTYPES_H
| # include <inttypes.h>
| #endif
| #ifdef HAVE_STDINT_H
| # include <stdint.h>
| #endif
| #ifdef HAVE_UNISTD_H
| # include <unistd.h>
| #endif
| #ifdef HAVE_SYS_SELECT_H
| # include <sys/select.h>
| #endif
| #ifdef HAVE_SYS_SOCKET_H
| # include <sys/socket.h>
| #endif
| 
| int
| main ()
| {
| extern int select (int,
| 					    fd_set *, fd_set *, fd_set *,
| 					    struct timeval *);
|   ;
|   return 0;
| }
configure:4553: gcc -c -g -O2  conftest.c >&5
conftest.c: In function `main':
conftest.c:76: error: syntax error before "fd_set"
configure:4553: $? = 1
configure: failed program was:
| /* confdefs.h */
| #define PACKAGE_NAME "msdl"
| #define PACKAGE_TARNAME "msdl"
| #define PACKAGE_VERSION "1.2.7-r2"
| #define PACKAGE_STRING "msdl 1.2.7-r2"
| #define PACKAGE_BUGREPORT "me_t_ro@yahoo.com"
| #define PACKAGE_URL ""
| #define PACKAGE "msdl"
| #define VERSION "1.2.7-r2"
| #define STDC_HEADERS 1
| #define HAVE_SYS_TYPES_H 1
| #define HAVE_SYS_STAT_H 1
| #define HAVE_STDLIB_H 1
| #define HAVE_STRING_H 1
| #define HAVE_MEMORY_H 1
| #define HAVE_STRINGS_H 1
| #define HAVE_INTTYPES_H 1
| #define HAVE_STDINT_H 1
| #define HAVE_UNISTD_H 1
| #define HAVE_FCNTL_H 1
| #define HAVE_INTTYPES_H 1
| #define HAVE_STDLIB_H 1
| #define HAVE_STRING_H 1
| #define HAVE_UNISTD_H 1
| #define HAVE_SYS_TIME_H 1
| #define TIME_WITH_SYS_TIME 1
| #define HAVE_STDLIB_H 1
| #define HAVE_MALLOC 1
| #define HAVE_STDLIB_H 1
| #define HAVE_REALLOC 1
| /* end confdefs.h.  */
| #include <stdio.h>
| #ifdef HAVE_SYS_TYPES_H
| # include <sys/types.h>
| #endif
| #ifdef HAVE_SYS_STAT_H
| # include <sys/stat.h>
| #endif
| #ifdef STDC_HEADERS
| # include <stdlib.h>
| # include <stddef.h>
| #else
| # ifdef HAVE_STDLIB_H
| #  include <stdlib.h>
| # endif
| #endif
| #ifdef HAVE_STRING_H
| # if !defined STDC_HEADERS && defined HAVE_MEMORY_H
| #  include <memory.h>
| # endif
| # include <string.h>
| #endif
| #ifdef HAVE_STRINGS_H
| # include <strings.h>
| #endif
| #ifdef HAVE_INTTYPES_H
| # include <inttypes.h>
| #endif
| #ifdef HAVE_STDINT_H
| # include <stdint.h>
| #endif
| #ifdef HAVE_UNISTD_H
| # include <unistd.h>
| #endif
| #ifdef HAVE_SYS_SELECT_H
| # include <sys/select.h>
| #endif
| #ifdef HAVE_SYS_SOCKET_H
| # include <sys/socket.h>
| #endif
| 
| int
| main ()
| {
| extern int select (int,
| 					    fd_set *, fd_set *, fd_set *,
| 					    const struct timeval *);
|   ;
|   return 0;
| }
configure:4553: gcc -c -g -O2  conftest.c >&5
conftest.c: In function `main':
conftest.c:76: error: syntax error before "fd_set"
configure:4553: $? = 1
configure: failed program was:
| /* confdefs.h */
| #define PACKAGE_NAME "msdl"
| #define PACKAGE_TARNAME "msdl"
| #define PACKAGE_VERSION "1.2.7-r2"
| #define PACKAGE_STRING "msdl 1.2.7-r2"
| #define PACKAGE_BUGREPORT "me_t_ro@yahoo.com"
| #define PACKAGE_URL ""
| #define PACKAGE "msdl"
| #define VERSION "1.2.7-r2"
| #define STDC_HEADERS 1
| #define HAVE_SYS_TYPES_H 1
| #define HAVE_SYS_STAT_H 1
| #define HAVE_STDLIB_H 1
| #define HAVE_STRING_H 1
| #define HAVE_MEMORY_H 1
| #define HAVE_STRINGS_H 1
| #define HAVE_INTTYPES_H 1
| #define HAVE_STDINT_H 1
| #define HAVE_UNISTD_H 1
| #define HAVE_FCNTL_H 1
| #define HAVE_INTTYPES_H 1
| #define HAVE_STDLIB_H 1
| #define HAVE_STRING_H 1
| #define HAVE_UNISTD_H 1
| #define HAVE_SYS_TIME_H 1
| #define TIME_WITH_SYS_TIME 1
| #define HAVE_STDLIB_H 1
| #define HAVE_MALLOC 1
| #define HAVE_STDLIB_H 1
| #define HAVE_REALLOC 1
| /* end confdefs.h.  */
| #include <stdio.h>
| #ifdef HAVE_SYS_TYPES_H
| # include <sys/types.h>
| #endif
| #ifdef HAVE_SYS_STAT_H
| # include <sys/stat.h>
| #endif
| #ifdef STDC_HEADERS
| # include <stdlib.h>
| # include <stddef.h>
| #else
| # ifdef HAVE_STDLIB_H
| #  include <stdlib.h>
| # endif
| #endif
| #ifdef HAVE_STRING_H
| # if !defined STDC_HEADERS && defined HAVE_MEMORY_H
| #  include <memory.h>
| # endif
| # include <string.h>
| #endif
| #ifdef HAVE_STRINGS_H
| # include <strings.h>
| #endif
| #ifdef HAVE_INTTYPES_H
| # include <inttypes.h>
| #endif
| #ifdef HAVE_STDINT_H
| # include <stdint.h>
| #endif
| #ifdef HAVE_UNISTD_H
| # include <unistd.h>
| #endif
| #ifdef HAVE_SYS_SELECT_H
| # include <sys/select.h>
| #endif
| #ifdef HAVE_SYS_SOCKET_H
| # include <sys/socket.h>
| #endif
| 
| int
| main ()
| {
| extern int select (size_t,
| 					    fd_set *, fd_set *, fd_set *,
| 					    struct timeval *);
|   ;
|   return 0;
| }
configure:4553: gcc -c -g -O2  conftest.c >&5
conftest.c: In function `main':
conftest.c:76: error: syntax error before "fd_set"
configure:4553: $? = 1
configure: failed program was:
| /* confdefs.h */
| #define PACKAGE_NAME "msdl"
| #define PACKAGE_TARNAME "msdl"
| #define PACKAGE_VERSION "1.2.7-r2"
| #define PACKAGE_STRING "msdl 1.2.7-r2"
| #define PACKAGE_BUGREPORT "me_t_ro@yahoo.com"
| #define PACKAGE_URL ""
| #define PACKAGE "msdl"
| #define VERSION "1.2.7-r2"
| #define STDC_HEADERS 1
| #define HAVE_SYS_TYPES_H 1
| #define HAVE_SYS_STAT_H 1
| #define HAVE_STDLIB_H 1
| #define HAVE_STRING_H 1
| #define HAVE_MEMORY_H 1
| #define HAVE_STRINGS_H 1
| #define HAVE_INTTYPES_H 1
| #define HAVE_STDINT_H 1
| #define HAVE_UNISTD_H 1
| #define HAVE_FCNTL_H 1
| #define HAVE_INTTYPES_H 1
| #define HAVE_STDLIB_H 1
| #define HAVE_STRING_H 1
| #define HAVE_UNISTD_H 1
| #define HAVE_SYS_TIME_H 1
| #define TIME_WITH_SYS_TIME 1
| #define HAVE_STDLIB_H 1
| #define HAVE_MALLOC 1
| #define HAVE_STDLIB_H 1
| #define HAVE_REALLOC 1
| /* end confdefs.h.  */
| #include <stdio.h>
| #ifdef HAVE_SYS_TYPES_H
| # include <sys/types.h>
| #endif
| #ifdef HAVE_SYS_STAT_H
| # include <sys/stat.h>
| #endif
| #ifdef STDC_HEADERS
| # include <stdlib.h>
| # include <stddef.h>
| #else
| # ifdef HAVE_STDLIB_H
| #  include <stdlib.h>
| # endif
| #endif
| #ifdef HAVE_STRING_H
| # if !defined STDC_HEADERS && defined HAVE_MEMORY_H
| #  include <memory.h>
| # endif
| # include <string.h>
| #endif
| #ifdef HAVE_STRINGS_H
| # include <strings.h>
| #endif
| #ifdef HAVE_INTTYPES_H
| # include <inttypes.h>
| #endif
| #ifdef HAVE_STDINT_H
| # include <stdint.h>
| #endif
| #ifdef HAVE_UNISTD_H
| # include <unistd.h>
| #endif
| #ifdef HAVE_SYS_SELECT_H
| # include <sys/select.h>
| #endif
| #ifdef HAVE_SYS_SOCKET_H
| # include <sys/socket.h>
| #endif
| 
| int
| main ()
| {
| extern int select (size_t,
| 					    fd_set *, fd_set *, fd_set *,
| 					    const struct timeval *);
|   ;
|   return 0;
| }
configure:4553: gcc -c -g -O2  conftest.c >&5
conftest.c: In function `main':
conftest.c:76: error: syntax error before "fd_set"
configure:4553: $? = 1
configure: failed program was:
| /* confdefs.h */
| #define PACKAGE_NAME "msdl"
| #define PACKAGE_TARNAME "msdl"
| #define PACKAGE_VERSION "1.2.7-r2"
| #define PACKAGE_STRING "msdl 1.2.7-r2"
| #define PACKAGE_BUGREPORT "me_t_ro@yahoo.com"
| #define PACKAGE_URL ""
| #define PACKAGE "msdl"
| #define VERSION "1.2.7-r2"
| #define STDC_HEADERS 1
| #define HAVE_SYS_TYPES_H 1
| #define HAVE_SYS_STAT_H 1
| #define HAVE_STDLIB_H 1
| #define HAVE_STRING_H 1
| #define HAVE_MEMORY_H 1
| #define HAVE_STRINGS_H 1
| #define HAVE_INTTYPES_H 1
| #define HAVE_STDINT_H 1
| #define HAVE_UNISTD_H 1
| #define HAVE_FCNTL_H 1
| #define HAVE_INTTYPES_H 1
| #define HAVE_STDLIB_H 1
| #define HAVE_STRING_H 1
| #define HAVE_UNISTD_H 1
| #define HAVE_SYS_TIME_H 1
| #define TIME_WITH_SYS_TIME 1
| #define HAVE_STDLIB_H 1
| #define HAVE_MALLOC 1
| #define HAVE_STDLIB_H 1
| #define HAVE_REALLOC 1
| /* end confdefs.h.  */
| #include <stdio.h>
| #ifdef HAVE_SYS_TYPES_H
| # include <sys/types.h>
| #endif
| #ifdef HAVE_SYS_STAT_H
| # include <sys/stat.h>
| #endif
| #ifdef STDC_HEADERS
| # include <stdlib.h>
| # include <stddef.h>
| #else
| # ifdef HAVE_STDLIB_H
| #  include <stdlib.h>
| # endif
| #endif
| #ifdef HAVE_STRING_H
| # if !defined STDC_HEADERS && defined HAVE_MEMORY_H
| #  include <memory.h>
| # endif
| # include <string.h>
| #endif
| #ifdef HAVE_STRINGS_H
| # include <strings.h>
| #endif
| #ifdef HAVE_INTTYPES_H
| # include <inttypes.h>
| #endif
| #ifdef HAVE_STDINT_H
| # include <stdint.h>
| #endif
| #ifdef HAVE_UNISTD_H
| # include <unistd.h>
| #endif
| #ifdef HAVE_SYS_SELECT_H
| # include <sys/select.h>
| #endif
| #ifdef HAVE_SYS_SOCKET_H
| # include <sys/socket.h>
| #endif
| 
| int
| main ()
| {
| extern int select (unsigned long int,
| 					    fd_set *, fd_set *, fd_set *,
| 					    struct timeval *);
|   ;
|   return 0;
| }
configure:4553: gcc -c -g -O2  conftest.c >&5
conftest.c: In function `main':
conftest.c:76: error: syntax error before "fd_set"
configure:4553: $? = 1
configure: failed program was:
| /* confdefs.h */
| #define PACKAGE_NAME "msdl"
| #define PACKAGE_TARNAME "msdl"
| #define PACKAGE_VERSION "1.2.7-r2"
| #define PACKAGE_STRING "msdl 1.2.7-r2"
| #define PACKAGE_BUGREPORT "me_t_ro@yahoo.com"
| #define PACKAGE_URL ""
| #define PACKAGE "msdl"
| #define VERSION "1.2.7-r2"
| #define STDC_HEADERS 1
| #define HAVE_SYS_TYPES_H 1
| #define HAVE_SYS_STAT_H 1
| #define HAVE_STDLIB_H 1
| #define HAVE_STRING_H 1
| #define HAVE_MEMORY_H 1
| #define HAVE_STRINGS_H 1
| #define HAVE_INTTYPES_H 1
| #define HAVE_STDINT_H 1
| #define HAVE_UNISTD_H 1
| #define HAVE_FCNTL_H 1
| #define HAVE_INTTYPES_H 1
| #define HAVE_STDLIB_H 1
| #define HAVE_STRING_H 1
| #define HAVE_UNISTD_H 1
| #define HAVE_SYS_TIME_H 1
| #define TIME_WITH_SYS_TIME 1
| #define HAVE_STDLIB_H 1
| #define HAVE_MALLOC 1
| #define HAVE_STDLIB_H 1
| #define HAVE_REALLOC 1
| /* end confdefs.h.  */
| #include <stdio.h>
| #ifdef HAVE_SYS_TYPES_H
| # include <sys/types.h>
| #endif
| #ifdef HAVE_SYS_STAT_H
| # include <sys/stat.h>
| #endif
| #ifdef STDC_HEADERS
| # include <stdlib.h>
| # include <stddef.h>
| #else
| # ifdef HAVE_STDLIB_H
| #  include <stdlib.h>
| # endif
| #endif
| #ifdef HAVE_STRING_H
| # if !defined STDC_HEADERS && defined HAVE_MEMORY_H
| #  include <memory.h>
| # endif
| # include <string.h>
| #endif
| #ifdef HAVE_STRINGS_H
| # include <strings.h>
| #endif
| #ifdef HAVE_INTTYPES_H
| # include <inttypes.h>
| #endif
| #ifdef HAVE_STDINT_H
| # include <stdint.h>
| #endif
| #ifdef HAVE_UNISTD_H
| # include <unistd.h>
| #endif
| #ifdef HAVE_SYS_SELECT_H
| # include <sys/select.h>
| #endif
| #ifdef HAVE_SYS_SOCKET_H
| # include <sys/socket.h>
| #endif
| 
| int
| main ()
| {
| extern int select (unsigned long int,
| 					    fd_set *, fd_set *, fd_set *,
| 					    const struct timeval *);
|   ;
|   return 0;
| }
configure:4553: gcc -c -g -O2  conftest.c >&5
conftest.c: In function `main':
conftest.c:76: error: syntax error before "fd_set"
configure:4553: $? = 1
configure: failed program was:
| /* confdefs.h */
| #define PACKAGE_NAME "msdl"
| #define PACKAGE_TARNAME "msdl"
| #define PACKAGE_VERSION "1.2.7-r2"
| #define PACKAGE_STRING "msdl 1.2.7-r2"
| #define PACKAGE_BUGREPORT "me_t_ro@yahoo.com"
| #define PACKAGE_URL ""
| #define PACKAGE "msdl"
| #define VERSION "1.2.7-r2"
| #define STDC_HEADERS 1
| #define HAVE_SYS_TYPES_H 1
| #define HAVE_SYS_STAT_H 1
| #define HAVE_STDLIB_H 1
| #define HAVE_STRING_H 1
| #define HAVE_MEMORY_H 1
| #define HAVE_STRINGS_H 1
| #define HAVE_INTTYPES_H 1
| #define HAVE_STDINT_H 1
| #define HAVE_UNISTD_H 1
| #define HAVE_FCNTL_H 1
| #define HAVE_INTTYPES_H 1
| #define HAVE_STDLIB_H 1
| #define HAVE_STRING_H 1
| #define HAVE_UNISTD_H 1
| #define HAVE_SYS_TIME_H 1
| #define TIME_WITH_SYS_TIME 1
| #define HAVE_STDLIB_H 1
| #define HAVE_MALLOC 1
| #define HAVE_STDLIB_H 1
| #define HAVE_REALLOC 1
| /* end confdefs.h.  */
| #include <stdio.h>
| #ifdef HAVE_SYS_TYPES_H
| # include <sys/types.h>
| #endif
| #ifdef HAVE_SYS_STAT_H
| # include <sys/stat.h>
| #endif
| #ifdef STDC_HEADERS
| # include <stdlib.h>
| # include <stddef.h>
| #else
| # ifdef HAVE_STDLIB_H
| #  include <stdlib.h>
| # endif
| #endif
| #ifdef HAVE_STRING_H
| # if !defined STDC_HEADERS && defined HAVE_MEMORY_H
| #  include <memory.h>
| # endif
| # include <string.h>
| #endif
| #ifdef HAVE_STRINGS_H
| # include <strings.h>
| #endif
| #ifdef HAVE_INTTYPES_H
| # include <inttypes.h>
| #endif
| #ifdef HAVE_STDINT_H
| # include <stdint.h>
| #endif
| #ifdef HAVE_UNISTD_H
| # include <unistd.h>
| #endif
| #ifdef HAVE_SYS_SELECT_H
| # include <sys/select.h>
| #endif
| #ifdef HAVE_SYS_SOCKET_H
| # include <sys/socket.h>
| #endif
| 
| int
| main ()
| {
| extern int select (unsigned int,
| 					    fd_set *, fd_set *, fd_set *,
| 					    struct timeval *);
|   ;
|   return 0;
| }
configure:4553: gcc -c -g -O2  conftest.c >&5
conftest.c: In function `main':
conftest.c:76: error: syntax error before "fd_set"
configure:4553: $? = 1
configure: failed program was:
| /* confdefs.h */
| #define PACKAGE_NAME "msdl"
| #define PACKAGE_TARNAME "msdl"
| #define PACKAGE_VERSION "1.2.7-r2"
| #define PACKAGE_STRING "msdl 1.2.7-r2"
| #define PACKAGE_BUGREPORT "me_t_ro@yahoo.com"
| #define PACKAGE_URL ""
| #define PACKAGE "msdl"
| #define VERSION "1.2.7-r2"
| #define STDC_HEADERS 1
| #define HAVE_SYS_TYPES_H 1
| #define HAVE_SYS_STAT_H 1
| #define HAVE_STDLIB_H 1
| #define HAVE_STRING_H 1
| #define HAVE_MEMORY_H 1
| #define HAVE_STRINGS_H 1
| #define HAVE_INTTYPES_H 1
| #define HAVE_STDINT_H 1
| #define HAVE_UNISTD_H 1
| #define HAVE_FCNTL_H 1
| #define HAVE_INTTYPES_H 1
| #define HAVE_STDLIB_H 1
| #define HAVE_STRING_H 1
| #define HAVE_UNISTD_H 1
| #define HAVE_SYS_TIME_H 1
| #define TIME_WITH_SYS_TIME 1
| #define HAVE_STDLIB_H 1
| #define HAVE_MALLOC 1
| #define HAVE_STDLIB_H 1
| #define HAVE_REALLOC 1
| /* end confdefs.h.  */
| #include <stdio.h>
| #ifdef HAVE_SYS_TYPES_H
| # include <sys/types.h>
| #endif
| #ifdef HAVE_SYS_STAT_H
| # include <sys/stat.h>
| #endif
| #ifdef STDC_HEADERS
| # include <stdlib.h>
| # include <stddef.h>
| #else
| # ifdef HAVE_STDLIB_H
| #  include <stdlib.h>
| # endif
| #endif
| #ifdef HAVE_STRING_H
| # if !defined STDC_HEADERS && defined HAVE_MEMORY_H
| #  include <memory.h>
| # endif
| # include <string.h>
| #endif
| #ifdef HAVE_STRINGS_H
| # include <strings.h>
| #endif
| #ifdef HAVE_INTTYPES_H
| # include <inttypes.h>
| #endif
| #ifdef HAVE_STDINT_H
| # include <stdint.h>
| #endif
| #ifdef HAVE_UNISTD_H
| # include <unistd.h>
| #endif
| #ifdef HAVE_SYS_SELECT_H
| # include <sys/select.h>
| #endif
| #ifdef HAVE_SYS_SOCKET_H
| # include <sys/socket.h>
| #endif
| 
| int
| main ()
| {
| extern int select (unsigned int,
| 					    fd_set *, fd_set *, fd_set *,
| 					    const struct timeval *);
|   ;
|   return 0;
| }
configure:4553: gcc -c -g -O2  conftest.c >&5
conftest.c: In function `main':
conftest.c:77: warning: "struct timeval" declared inside parameter list
conftest.c:77: warning: its scope is only this definition or declaration, which is probably not what you want
configure:4553: $? = 0
configure:4564: result: int,int *,struct timeval *
configure:4589: checking for vprintf
configure:4589: gcc -o conftest.exe -g -O2   conftest.c  >&5
conftest.c:58: warning: conflicting types for built-in function 'vprintf'
configure:4589: $? = 0
configure:4589: result: yes
configure:4595: checking for _doprnt
configure:4595: gcc -o conftest.exe -g -O2   conftest.c  >&5
C:/Users/kokes/AppData/Local/Temp/cceFNyQl.o: In function `main':
C:/tmp/ytd/Source/Lib/msdl/conftest.c:70: undefined reference to `_doprnt'
collect2: ld returned 1 exit status
configure:4595: $? = 1
configure: failed program was:
| /* confdefs.h */
| #define PACKAGE_NAME "msdl"
| #define PACKAGE_TARNAME "msdl"
| #define PACKAGE_VERSION "1.2.7-r2"
| #define PACKAGE_STRING "msdl 1.2.7-r2"
| #define PACKAGE_BUGREPORT "me_t_ro@yahoo.com"
| #define PACKAGE_URL ""
| #define PACKAGE "msdl"
| #define VERSION "1.2.7-r2"
| #define STDC_HEADERS 1
| #define HAVE_SYS_TYPES_H 1
| #define HAVE_SYS_STAT_H 1
| #define HAVE_STDLIB_H 1
| #define HAVE_STRING_H 1
| #define HAVE_MEMORY_H 1
| #define HAVE_STRINGS_H 1
| #define HAVE_INTTYPES_H 1
| #define HAVE_STDINT_H 1
| #define HAVE_UNISTD_H 1
| #define HAVE_FCNTL_H 1
| #define HAVE_INTTYPES_H 1
| #define HAVE_STDLIB_H 1
| #define HAVE_STRING_H 1
| #define HAVE_UNISTD_H 1
| #define HAVE_SYS_TIME_H 1
| #define TIME_WITH_SYS_TIME 1
| #define HAVE_STDLIB_H 1
| #define HAVE_MALLOC 1
| #define HAVE_STDLIB_H 1
| #define HAVE_REALLOC 1
| #define SELECT_TYPE_ARG1 int
| #define SELECT_TYPE_ARG234 (int *)
| #define SELECT_TYPE_ARG5 (struct timeval *)
| #define HAVE_VPRINTF 1
| /* end confdefs.h.  */
| /* Define _doprnt to an innocuous variant, in case <limits.h> declares _doprnt.
|    For example, HP-UX 11i <limits.h> declares gettimeofday.  */
| #define _doprnt innocuous__doprnt
| 
| /* System header to define __stub macros and hopefully few prototypes,
|     which can conflict with char _doprnt (); below.
|     Prefer <limits.h> to <assert.h> if __STDC__ is defined, since
|     <limits.h> exists even on freestanding compilers.  */
| 
| #ifdef __STDC__
| # include <limits.h>
| #else
| # include <assert.h>
| #endif
| 
| #undef _doprnt
| 
| /* Override any GCC internal prototype to avoid an error.
|    Use char because int might match the return type of a GCC
|    builtin and then its argument prototype would still apply.  */
| #ifdef __cplusplus
| extern "C"
| #endif
| char _doprnt ();
| /* The GNU C library defines this for functions which it implements
|     to always fail with ENOSYS.  Some functions are actually named
|     something starting with __ and the normal name is an alias.  */
| #if defined __stub__doprnt || defined __stub____doprnt
| choke me
| #endif
| 
| int
| main ()
| {
| return _doprnt ();
|   ;
|   return 0;
| }
configure:4595: result: no
configure:4609: checking for inet_ntoa
configure:4609: gcc -o conftest.exe -g -O2   conftest.c  >&5
C:/Users/kokes/AppData/Local/Temp/ccmjSnhn.o: In function `main':
C:/tmp/ytd/Source/Lib/msdl/conftest.c:70: undefined reference to `inet_ntoa'
collect2: ld returned 1 exit status
configure:4609: $? = 1
configure: failed program was:
| /* confdefs.h */
| #define PACKAGE_NAME "msdl"
| #define PACKAGE_TARNAME "msdl"
| #define PACKAGE_VERSION "1.2.7-r2"
| #define PACKAGE_STRING "msdl 1.2.7-r2"
| #define PACKAGE_BUGREPORT "me_t_ro@yahoo.com"
| #define PACKAGE_URL ""
| #define PACKAGE "msdl"
| #define VERSION "1.2.7-r2"
| #define STDC_HEADERS 1
| #define HAVE_SYS_TYPES_H 1
| #define HAVE_SYS_STAT_H 1
| #define HAVE_STDLIB_H 1
| #define HAVE_STRING_H 1
| #define HAVE_MEMORY_H 1
| #define HAVE_STRINGS_H 1
| #define HAVE_INTTYPES_H 1
| #define HAVE_STDINT_H 1
| #define HAVE_UNISTD_H 1
| #define HAVE_FCNTL_H 1
| #define HAVE_INTTYPES_H 1
| #define HAVE_STDLIB_H 1
| #define HAVE_STRING_H 1
| #define HAVE_UNISTD_H 1
| #define HAVE_SYS_TIME_H 1
| #define TIME_WITH_SYS_TIME 1
| #define HAVE_STDLIB_H 1
| #define HAVE_MALLOC 1
| #define HAVE_STDLIB_H 1
| #define HAVE_REALLOC 1
| #define SELECT_TYPE_ARG1 int
| #define SELECT_TYPE_ARG234 (int *)
| #define SELECT_TYPE_ARG5 (struct timeval *)
| #define HAVE_VPRINTF 1
| /* end confdefs.h.  */
| /* Define inet_ntoa to an innocuous variant, in case <limits.h> declares inet_ntoa.
|    For example, HP-UX 11i <limits.h> declares gettimeofday.  */
| #define inet_ntoa innocuous_inet_ntoa
| 
| /* System header to define __stub macros and hopefully few prototypes,
|     which can conflict with char inet_ntoa (); below.
|     Prefer <limits.h> to <assert.h> if __STDC__ is defined, since
|     <limits.h> exists even on freestanding compilers.  */
| 
| #ifdef __STDC__
| # include <limits.h>
| #else
| # include <assert.h>
| #endif
| 
| #undef inet_ntoa
| 
| /* Override any GCC internal prototype to avoid an error.
|    Use char because int might match the return type of a GCC
|    builtin and then its argument prototype would still apply.  */
| #ifdef __cplusplus
| extern "C"
| #endif
| char inet_ntoa ();
| /* The GNU C library defines this for functions which it implements
|     to always fail with ENOSYS.  Some functions are actually named
|     something starting with __ and the normal name is an alias.  */
| #if defined __stub_inet_ntoa || defined __stub___inet_ntoa
| choke me
| #endif
| 
| int
| main ()
| {
| return inet_ntoa ();
|   ;
|   return 0;
| }
configure:4609: result: no
configure:4609: checking for memmove
configure:4609: gcc -o conftest.exe -g -O2   conftest.c  >&5
conftest.c:59: warning: conflicting types for built-in function 'memmove'
configure:4609: $? = 0
configure:4609: result: yes
configure:4609: checking for memset
configure:4609: gcc -o conftest.exe -g -O2   conftest.c  >&5
conftest.c:60: warning: conflicting types for built-in function 'memset'
configure:4609: $? = 0
configure:4609: result: yes
configure:4609: checking for select
configure:4609: gcc -o conftest.exe -g -O2   conftest.c  >&5
C:/Users/kokes/AppData/Local/Temp/ccAUiiy1.o: In function `main':
C:/tmp/ytd/Source/Lib/msdl/conftest.c:72: undefined reference to `select'
collect2: ld returned 1 exit status
configure:4609: $? = 1
configure: failed program was:
| /* confdefs.h */
| #define PACKAGE_NAME "msdl"
| #define PACKAGE_TARNAME "msdl"
| #define PACKAGE_VERSION "1.2.7-r2"
| #define PACKAGE_STRING "msdl 1.2.7-r2"
| #define PACKAGE_BUGREPORT "me_t_ro@yahoo.com"
| #define PACKAGE_URL ""
| #define PACKAGE "msdl"
| #define VERSION "1.2.7-r2"
| #define STDC_HEADERS 1
| #define HAVE_SYS_TYPES_H 1
| #define HAVE_SYS_STAT_H 1
| #define HAVE_STDLIB_H 1
| #define HAVE_STRING_H 1
| #define HAVE_MEMORY_H 1
| #define HAVE_STRINGS_H 1
| #define HAVE_INTTYPES_H 1
| #define HAVE_STDINT_H 1
| #define HAVE_UNISTD_H 1
| #define HAVE_FCNTL_H 1
| #define HAVE_INTTYPES_H 1
| #define HAVE_STDLIB_H 1
| #define HAVE_STRING_H 1
| #define HAVE_UNISTD_H 1
| #define HAVE_SYS_TIME_H 1
| #define TIME_WITH_SYS_TIME 1
| #define HAVE_STDLIB_H 1
| #define HAVE_MALLOC 1
| #define HAVE_STDLIB_H 1
| #define HAVE_REALLOC 1
| #define SELECT_TYPE_ARG1 int
| #define SELECT_TYPE_ARG234 (int *)
| #define SELECT_TYPE_ARG5 (struct timeval *)
| #define HAVE_VPRINTF 1
| #define HAVE_MEMMOVE 1
| #define HAVE_MEMSET 1
| /* end confdefs.h.  */
| /* Define select to an innocuous variant, in case <limits.h> declares select.
|    For example, HP-UX 11i <limits.h> declares gettimeofday.  */
| #define select innocuous_select
| 
| /* System header to define __stub macros and hopefully few prototypes,
|     which can conflict with char select (); below.
|     Prefer <limits.h> to <assert.h> if __STDC__ is defined, since
|     <limits.h> exists even on freestanding compilers.  */
| 
| #ifdef __STDC__
| # include <limits.h>
| #else
| # include <assert.h>
| #endif
| 
| #undef select
| 
| /* Override any GCC internal prototype to avoid an error.
|    Use char because int might match the return type of a GCC
|    builtin and then its argument prototype would still apply.  */
| #ifdef __cplusplus
| extern "C"
| #endif
| char select ();
| /* The GNU C library defines this for functions which it implements
|     to always fail with ENOSYS.  Some functions are actually named
|     something starting with __ and the normal name is an alias.  */
| #if defined __stub_select || defined __stub___select
| choke me
| #endif
| 
| int
| main ()
| {
| return select ();
|   ;
|   return 0;
| }
configure:4609: result: no
configure:4609: checking for socket
configure:4609: gcc -o conftest.exe -g -O2   conftest.c  >&5
C:/Users/kokes/AppData/Local/Temp/ccsqd7l0.o: In function `main':
C:/tmp/ytd/Source/Lib/msdl/conftest.c:72: undefined reference to `socket'
collect2: ld returned 1 exit status
configure:4609: $? = 1
configure: failed program was:
| /* confdefs.h */
| #define PACKAGE_NAME "msdl"
| #define PACKAGE_TARNAME "msdl"
| #define PACKAGE_VERSION "1.2.7-r2"
| #define PACKAGE_STRING "msdl 1.2.7-r2"
| #define PACKAGE_BUGREPORT "me_t_ro@yahoo.com"
| #define PACKAGE_URL ""
| #define PACKAGE "msdl"
| #define VERSION "1.2.7-r2"
| #define STDC_HEADERS 1
| #define HAVE_SYS_TYPES_H 1
| #define HAVE_SYS_STAT_H 1
| #define HAVE_STDLIB_H 1
| #define HAVE_STRING_H 1
| #define HAVE_MEMORY_H 1
| #define HAVE_STRINGS_H 1
| #define HAVE_INTTYPES_H 1
| #define HAVE_STDINT_H 1
| #define HAVE_UNISTD_H 1
| #define HAVE_FCNTL_H 1
| #define HAVE_INTTYPES_H 1
| #define HAVE_STDLIB_H 1
| #define HAVE_STRING_H 1
| #define HAVE_UNISTD_H 1
| #define HAVE_SYS_TIME_H 1
| #define TIME_WITH_SYS_TIME 1
| #define HAVE_STDLIB_H 1
| #define HAVE_MALLOC 1
| #define HAVE_STDLIB_H 1
| #define HAVE_REALLOC 1
| #define SELECT_TYPE_ARG1 int
| #define SELECT_TYPE_ARG234 (int *)
| #define SELECT_TYPE_ARG5 (struct timeval *)
| #define HAVE_VPRINTF 1
| #define HAVE_MEMMOVE 1
| #define HAVE_MEMSET 1
| /* end confdefs.h.  */
| /* Define socket to an innocuous variant, in case <limits.h> declares socket.
|    For example, HP-UX 11i <limits.h> declares gettimeofday.  */
| #define socket innocuous_socket
| 
| /* System header to define __stub macros and hopefully few prototypes,
|     which can conflict with char socket (); below.
|     Prefer <limits.h> to <assert.h> if __STDC__ is defined, since
|     <limits.h> exists even on freestanding compilers.  */
| 
| #ifdef __STDC__
| # include <limits.h>
| #else
| # include <assert.h>
| #endif
| 
| #undef socket
| 
| /* Override any GCC internal prototype to avoid an error.
|    Use char because int might match the return type of a GCC
|    builtin and then its argument prototype would still apply.  */
| #ifdef __cplusplus
| extern "C"
| #endif
| char socket ();
| /* The GNU C library defines this for functions which it implements
|     to always fail with ENOSYS.  Some functions are actually named
|     something starting with __ and the normal name is an alias.  */
| #if defined __stub_socket || defined __stub___socket
| choke me
| #endif
| 
| int
| main ()
| {
| return socket ();
|   ;
|   return 0;
| }
configure:4609: result: no
configure:4609: checking for strcasecmp
configure:4609: gcc -o conftest.exe -g -O2   conftest.c  >&5
configure:4609: $? = 0
configure:4609: result: yes
configure:4609: checking for strchr
configure:4609: gcc -o conftest.exe -g -O2   conftest.c  >&5
conftest.c:62: warning: conflicting types for built-in function 'strchr'
configure:4609: $? = 0
configure:4609: result: yes
configure:4609: checking for strdup
configure:4609: gcc -o conftest.exe -g -O2   conftest.c  >&5
conftest.c:63: warning: conflicting types for built-in function 'strdup'
configure:4609: $? = 0
configure:4609: result: yes
configure:4609: checking for strncasecmp
configure:4609: gcc -o conftest.exe -g -O2   conftest.c  >&5
configure:4609: $? = 0
configure:4609: result: yes
configure:4609: checking for strrchr
configure:4609: gcc -o conftest.exe -g -O2   conftest.c  >&5
conftest.c:65: warning: conflicting types for built-in function 'strrchr'
configure:4609: $? = 0
configure:4609: result: yes
configure:4609: checking for strstr
configure:4609: gcc -o conftest.exe -g -O2   conftest.c  >&5
conftest.c:66: warning: conflicting types for built-in function 'strstr'
configure:4609: $? = 0
configure:4609: result: yes
configure:4732: creating ./config.status

## ---------------------- ##
## Running config.status. ##
## ---------------------- ##

This file was extended by msdl config.status 1.2.7-r2, which was
generated by GNU Autoconf 2.65.  Invocation command line was

  CONFIG_FILES    = 
  CONFIG_HEADERS  = 
  CONFIG_LINKS    = 
  CONFIG_COMMANDS = 
  $ ./config.status 

on pepak-PC

config.status:874: creating Makefile
config.status:874: creating src/Makefile
config.status:874: creating doc/Makefile
config.status:874: creating doc/msdl.1
config.status:874: creating config.h
config.status:1094: executing depfiles commands

## ---------------- ##
## Cache variables. ##
## ---------------- ##

ac_cv_c_compiler_gnu=yes
ac_cv_c_const=yes
ac_cv_c_inline=inline
ac_cv_c_uint16_t=yes
ac_cv_c_uint32_t=yes
ac_cv_c_uint64_t=yes
ac_cv_c_uint8_t=yes
ac_cv_env_CC_set=
ac_cv_env_CC_value=
ac_cv_env_CFLAGS_set=
ac_cv_env_CFLAGS_value=
ac_cv_env_CPPFLAGS_set=
ac_cv_env_CPPFLAGS_value=
ac_cv_env_CPP_set=
ac_cv_env_CPP_value=
ac_cv_env_LDFLAGS_set=
ac_cv_env_LDFLAGS_value=
ac_cv_env_LIBS_set=
ac_cv_env_LIBS_value=
ac_cv_env_build_alias_set=
ac_cv_env_build_alias_value=
ac_cv_env_host_alias_set=
ac_cv_env_host_alias_value=
ac_cv_env_target_alias_set=
ac_cv_env_target_alias_value=
ac_cv_exeext=.exe
ac_cv_func__doprnt=no
ac_cv_func_inet_ntoa=no
ac_cv_func_malloc_0_nonnull=yes
ac_cv_func_memcmp_working=yes
ac_cv_func_memmove=yes
ac_cv_func_memset=yes
ac_cv_func_realloc_0_nonnull=yes
ac_cv_func_select=no
ac_cv_func_select_args='int,int *,struct timeval *'
ac_cv_func_socket=no
ac_cv_func_strcasecmp=yes
ac_cv_func_strchr=yes
ac_cv_func_strdup=yes
ac_cv_func_strncasecmp=yes
ac_cv_func_strrchr=yes
ac_cv_func_strstr=yes
ac_cv_func_vprintf=yes
ac_cv_header_arpa_inet_h=no
ac_cv_header_fcntl_h=yes
ac_cv_header_inttypes_h=yes
ac_cv_header_memory_h=yes
ac_cv_header_netdb_h=no
ac_cv_header_netinet_in_h=no
ac_cv_header_stdc=yes
ac_cv_header_stdint_h=yes
ac_cv_header_stdlib_h=yes
ac_cv_header_string_h=yes
ac_cv_header_strings_h=yes
ac_cv_header_sys_select_h=no
ac_cv_header_sys_socket_h=no
ac_cv_header_sys_stat_h=yes
ac_cv_header_sys_time_h=yes
ac_cv_header_sys_types_h=yes
ac_cv_header_time=yes
ac_cv_header_unistd_h=yes
ac_cv_objext=o
ac_cv_path_EGREP='/bin/grep -E'
ac_cv_path_GREP=/bin/grep
ac_cv_path_install='/bin/install -c'
ac_cv_path_mkdir=/bin/mkdir
ac_cv_prog_AWK=gawk
ac_cv_prog_CPP='gcc -E'
ac_cv_prog_ac_ct_CC=gcc
ac_cv_prog_cc_c89=
ac_cv_prog_cc_g=yes
ac_cv_prog_make_make_set=yes
ac_cv_type_size_t=yes
am_cv_CC_dependencies_compiler_type=gcc3

## ----------------- ##
## Output variables. ##
## ----------------- ##

ACLOCAL='${SHELL} /work/ytd/Source/Lib/msdl/missing --run aclocal-1.10'
AMDEPBACKSLASH='\'
AMDEP_FALSE='#'
AMDEP_TRUE=''
AMTAR='${SHELL} /work/ytd/Source/Lib/msdl/missing --run tar'
AUTOCONF='${SHELL} /work/ytd/Source/Lib/msdl/missing --run autoconf'
AUTOHEADER='${SHELL} /work/ytd/Source/Lib/msdl/missing --run autoheader'
AUTOMAKE='${SHELL} /work/ytd/Source/Lib/msdl/missing --run automake-1.10'
AWK='gawk'
CC='gcc'
CCDEPMODE='depmode=gcc3'
CFLAGS='-g -O2'
CPP='gcc -E'
CPPFLAGS=''
CYGPATH_W='echo'
DEFS='-DHAVE_CONFIG_H'
DEPDIR='.deps'
ECHO_C=''
ECHO_N='-n'
ECHO_T=''
EGREP='/bin/grep -E'
EXEEXT='.exe'
GREP='/bin/grep'
INSTALL_DATA='${INSTALL} -m 644'
INSTALL_PROGRAM='${INSTALL}'
INSTALL_SCRIPT='${INSTALL}'
INSTALL_STRIP_PROGRAM='$(install_sh) -c -s'
LDFLAGS=''
LIBOBJS=''
LIBS=''
LTLIBOBJS=''
MAKEINFO='${SHELL} /work/ytd/Source/Lib/msdl/missing --run makeinfo'
MKDIR_P='/bin/mkdir -p'
OBJEXT='o'
PACKAGE='msdl'
PACKAGE_BUGREPORT='me_t_ro@yahoo.com'
PACKAGE_NAME='msdl'
PACKAGE_STRING='msdl 1.2.7-r2'
PACKAGE_TARNAME='msdl'
PACKAGE_URL=''
PACKAGE_VERSION='1.2.7-r2'
PATH_SEPARATOR=':'
SET_MAKE=''
SHELL='/bin/sh'
STRIP=''
VERSION='1.2.7-r2'
ac_ct_CC='gcc'
am__fastdepCC_FALSE='#'
am__fastdepCC_TRUE=''
am__include='include'
am__isrc=''
am__leading_dot='.'
am__quote=''
am__tar='${AMTAR} chof - "$$tardir"'
am__untar='${AMTAR} xf -'
bindir='${exec_prefix}/bin'
build_alias=''
datadir='${datarootdir}'
datarootdir='${prefix}/share'
docdir='${datarootdir}/doc/${PACKAGE_TARNAME}'
dvidir='${docdir}'
exec_prefix='${prefix}'
host_alias=''
htmldir='${docdir}'
includedir='${prefix}/include'
infodir='${datarootdir}/info'
install_sh='$(SHELL) /work/ytd/Source/Lib/msdl/install-sh'
libdir='${exec_prefix}/lib'
libexecdir='${exec_prefix}/libexec'
localedir='${datarootdir}/locale'
localstatedir='${prefix}/var'
mandir='${datarootdir}/man'
mkdir_p='/bin/mkdir -p'
oldincludedir='/usr/include'
pdfdir='${docdir}'
prefix='/usr/local'
program_transform_name='s,x,x,'
psdir='${docdir}'
sbindir='${exec_prefix}/sbin'
sharedstatedir='${prefix}/com'
sysconfdir='${prefix}/etc'
target_alias=''

## ----------- ##
## confdefs.h. ##
## ----------- ##

/* confdefs.h */
#define PACKAGE_NAME "msdl"
#define PACKAGE_TARNAME "msdl"
#define PACKAGE_VERSION "1.2.7-r2"
#define PACKAGE_STRING "msdl 1.2.7-r2"
#define PACKAGE_BUGREPORT "me_t_ro@yahoo.com"
#define PACKAGE_URL ""
#define PACKAGE "msdl"
#define VERSION "1.2.7-r2"
#define STDC_HEADERS 1
#define HAVE_SYS_TYPES_H 1
#define HAVE_SYS_STAT_H 1
#define HAVE_STDLIB_H 1
#define HAVE_STRING_H 1
#define HAVE_MEMORY_H 1
#define HAVE_STRINGS_H 1
#define HAVE_INTTYPES_H 1
#define HAVE_STDINT_H 1
#define HAVE_UNISTD_H 1
#define HAVE_FCNTL_H 1
#define HAVE_INTTYPES_H 1
#define HAVE_STDLIB_H 1
#define HAVE_STRING_H 1
#define HAVE_UNISTD_H 1
#define HAVE_SYS_TIME_H 1
#define TIME_WITH_SYS_TIME 1
#define HAVE_STDLIB_H 1
#define HAVE_MALLOC 1
#define HAVE_STDLIB_H 1
#define HAVE_REALLOC 1
#define SELECT_TYPE_ARG1 int
#define SELECT_TYPE_ARG234 (int *)
#define SELECT_TYPE_ARG5 (struct timeval *)
#define HAVE_VPRINTF 1
#define HAVE_MEMMOVE 1
#define HAVE_MEMSET 1
#define HAVE_STRCASECMP 1
#define HAVE_STRCHR 1
#define HAVE_STRDUP 1
#define HAVE_STRNCASECMP 1
#define HAVE_STRRCHR 1
#define HAVE_STRSTR 1

configure: exit 0
